<?xml version="1.0" encoding="UTF-8"?>
<!-- Generated by org.testng.reporters.JUnitXMLReporter -->
<testsuite ignored="0" hostname="RailofyQA" failures="2" tests="10" name="FREE CRM ERP Testcases" time="83.182" errors="0" timestamp="2025-06-30T20:39:47 IST">
  <testcase classname="com.crm.qa.testcases.LoginPageTest" name="loginPageTitleTest" time="0.021"/>
  <testcase classname="com.crm.qa.testcases.LoginPageTest" name="crmLogoTest" time="1.166">
    <failure type="java.lang.AssertionError" message="expected [true] but found [false]">
      <![CDATA[java.lang.AssertionError: expected [true] but found [false]
at com.crm.qa.testcases.LoginPageTest.crmLogoTest(LoginPageTest.java:37)
at java.base/java.util.ArrayList.forEach(ArrayList.java:1597)
... Removed 29 stack frames]]>
    </failure>
  </testcase> <!-- crmLogoTest -->
  <testcase classname="com.crm.qa.testcases.LoginPageTest" name="loginTest" time="1.473"/>
  <testcase classname="com.crm.qa.testcases.HomePageTest" name="verifyHomePageTitleTest" time="0.016"/>
  <testcase classname="com.crm.qa.testcases.HomePageTest" name="verifyContactLinkTest" time="2.866"/>
  <testcase classname="com.crm.qa.testcases.HomePageTest" name="verifyLeadsLinkTest" time="2.659"/>
  <testcase classname="com.crm.qa.testcases.HomePageTest" name="verifyOpportunityTest" time="2.555"/>
  <testcase classname="com.crm.qa.testcases.ContactsPageTest" name="verifyContactsPageTitleTest" time="0.007">
    <failure type="java.lang.AssertionError" message="Contacts Page Title not matched expected [Contacts] but found [EspoCRM Demo]">
      <![CDATA[java.lang.AssertionError: Contacts Page Title not matched expected [Contacts] but found [EspoCRM Demo]
at com.crm.qa.testcases.ContactsPageTest.verifyContactsPageTitleTest(ContactsPageTest.java:41)
at java.base/java.util.ArrayList.forEach(ArrayList.java:1597)
... Removed 30 stack frames]]>
    </failure>
  </testcase> <!-- verifyContactsPageTitleTest -->
  <testcase classname="com.crm.qa.testcases.ContactsPageTest" name="verifySelectSingleContactTest" time="1.504"/>
  <testcase classname="com.crm.qa.testcases.ContactsPageTest" name="verifySelectMultipleContactsTest" time="1.819"/>
</testsuite> <!-- FREE CRM ERP Testcases -->
